* using log directory 'C:/Users/wolfg/OneDrive/Projekte/_R packages/svi/directSVI/svi.Rcheck'
* using R version 4.2.2 (2022-10-31 ucrt)
* using platform: x86_64-w64-mingw32 (64-bit)
* using session charset: UTF-8
* using options '--no-manual --as-cran'
* checking for file 'svi/DESCRIPTION' ... OK
* checking extension type ... Package
* this is package 'svi' version '0.1.0'
* package encoding: UTF-8
* checking package namespace information ... OK
* checking package dependencies ... OK
* checking if this is a source package ... OK
* checking if there is a namespace ... OK
* checking for executable files ... OK
* checking for hidden files and directories ... OK
* checking for portable file names ... OK
* checking whether package 'svi' can be installed ... OK
* checking installed package size ... OK
* checking package directory ... OK
* checking for future file timestamps ... OK
* checking DESCRIPTION meta-information ... OK
* checking top-level files ... OK
* checking for left-over files ... OK
* checking index information ... OK
* checking package subdirectories ... OK
* checking R files for non-ASCII characters ... OK
* checking R files for syntax errors ... OK
* checking whether the package can be loaded ... OK
* checking whether the package can be loaded with stated dependencies ... OK
* checking whether the package can be unloaded cleanly ... OK
* checking whether the namespace can be loaded with stated dependencies ... OK
* checking whether the namespace can be unloaded cleanly ... OK
* checking loading without being on the library search path ... OK
* checking dependencies in R code ... OK
* checking S3 generic/method consistency ... OK
* checking replacement functions ... OK
* checking foreign function calls ... OK
* checking R code for possible problems ... NOTE
axel: no visible global function definition for 'abline'
Undefined global functions or variables:
  abline
Consider adding
  importFrom("graphics", "abline")
to your NAMESPACE file.

Found the following assignments to the global environment:
Datei 'svi/R/axel.R':
  assign("par", par, .GlobalEnv)
  assign("x", x, .GlobalEnv)
  assign("w", w, .GlobalEnv)
* checking Rd files ... OK
* checking Rd metadata ... OK
* checking Rd line widths ... OK
* checking Rd cross-references ... OK
* checking for missing documentation entries ... OK
* checking for code/documentation mismatches ... WARNING
Unpassende Kodierung aus dem Dokumentations-Objekt 'durrleman'
durrleman
  Code: function(x, par, Gs = FALSE)
  Dokumentation: function(x, par)
  Argumentnamen im Code (nicht in der Dokumentation):
    Gs

Unpassende Kodierung aus dem Dokumentations-Objekt 'svifit'
svifit
  Code: function(x, y, C = "shape", a = NA, W = NA, na.rm = TRUE)
  Dokumentation: function(x, y, C = NULL, opt = NULL)
  Argumentnamen im Code (nicht in der Dokumentation):
    a W na.rm
  Argumentnamen in Dokumentation (nicht im  Code):
    opt
  Nichtpassende Argumentnamen:
    Position: 4 Code: a Docs: opt
  Unpassende Standardargumente
    Name: 'C' Code: "shape" Docs: NULL

* checking Rd \usage sections ... OK
* checking Rd contents ... OK
* checking for unstated dependencies in examples ... OK
* checking contents of 'data' directory ... OK
* checking data for non-ASCII characters ... OK
* checking LazyData ... OK
* checking data for ASCII and uncompressed saves ... OK
* checking examples ... OK
* checking for non-standard things in the check directory ... OK
* checking for detritus in the temp directory ... OK
* DONE
Status: 1 WARNING, 1 NOTE
